<?xml version="1.0" encoding="UTF-8"?>
<testsuite xmlns:xsi="http://www.w3.org/2001/XMLSchema-instance" xsi:noNamespaceSchemaLocation="https://maven.apache.org/surefire/maven-surefire-plugin/xsd/surefire-test-report.xsd" name="com.example.springinfinispan.SpringInfinispanApplicationTests" time="1.283" tests="5" errors="0" skipped="0" failures="0">
  <properties>
[...]
</properties>
  <testcase name="getAllEntries" classname="com.example.springinfinispan.SpringInfinispanApplicationTests" time="0.132"/>
  <testcase name="removeEntry" classname="com.example.springinfinispan.SpringInfinispanApplicationTests" time="0.008"/>
  <testcase name="updateExistingKey" classname="com.example.springinfinispan.SpringInfinispanApplicationTests" time="0.003"/>
  <testcase name="getMissingKeyReturnsNull" classname="com.example.springinfinispan.SpringInfinispanApplicationTests" time="0.001"/>
  <testcase name="putAndGetEntry" classname="com.example.springinfinispan.SpringInfinispanApplicationTests" time="0.002"/>
</testsuite>